error[E0412]: cannot find type `INVALID` in this scope
  --> tests/function_component_attr/generic-props-fail.rs:25:19
   |
25 |     html! { <Comp<INVALID> /> };
   |                   ^^^^^^^ not found in this scope
   |
help: you might be missing a type parameter
   |
20 | fn compile_fail<INVALID>() {
   |                +++++++++

error[E0277]: the trait bound `AssertAllProps: HasProp<a, _>` is not satisfied
  --> tests/function_component_attr/generic-props-fail.rs:22:14
   |
22 |     html! { <Comp<Props> /> };
   |              ^^^^ the trait `HasProp<a, _>` is not implemented for `AssertAllProps`
   |
   = help: the following other types implement trait `HasProp<P, How>`:
             <HasPropsa<B> as HasProp<a, HasPropsa<B>>>
             <HasPropsa<B> as HasProp<P, &dyn HasProp<P, How>>>
             <CheckPropsAll<B> as HasProp<P, &dyn HasProp<P, How>>>
             <HasContextProviderPropscontext<B> as HasProp<yew::context::_ContextProviderProps::context, HasContextProviderPropscontext<B>>>
...
11 |     P: Properties + PartialEq,
   |        ^^^^^^^^^^ required by this bound in `Comp`
   = note: this error originates in the macro `html` (in Nightly builds, run with -Z macro-backtrace for more info)

error[E0599]: the function or associated item `new` exists for struct `VChild<Comp<MissingTypeBounds>>`, but its trait bounds were not satisfied
  --> tests/function_component_attr/generic-props-fail.rs:27:14
   |
8  | #[function_component(Comp)]
   | ------------------------- doesn't satisfy `Comp<MissingTypeBounds>: yew::BaseComponent`
...
27 |     html! { <Comp<MissingTypeBounds> /> };
   |              ^^^^ function or associated item cannot be called on `VChild<Comp<MissingTypeBounds>>` due to unsatisfied trait bounds
   |
   = note: the following trait bounds were not satisfied:
           `Comp<MissingTypeBounds>: yew::BaseComponent`
note: the trait `yew::BaseComponent` must be implemented
  --> $WORKSPACE/packages/yew/src/html/component/mod.rs
   |
   | pub trait BaseComponent: Sized + 'static {
   | ^^^^^^^^^^^^^^^^^^^^^^^^^^^^^^^^^^^^^^^^
   = note: this error originates in the macro `html` (in Nightly builds, run with -Z macro-backtrace for more info)

error[E0277]: the trait bound `Comp<MissingTypeBounds>: yew::BaseComponent` is not satisfied
  --> tests/function_component_attr/generic-props-fail.rs:27:14
   |
27 |     html! { <Comp<MissingTypeBounds> /> };
   |              ^^^^ the trait `yew::BaseComponent` is not implemented for `Comp<MissingTypeBounds>`
   |
   = help: the trait `yew::BaseComponent` is implemented for `Comp<P>`
note: required by a bound in `VChild`
  --> $WORKSPACE/packages/yew/src/virtual_dom/vcomp.rs
   |
   | pub struct VChild<COMP: BaseComponent> {
   |                         ^^^^^^^^^^^^^ required by this bound in `VChild`
   = note: this error originates in the macro `html` (in Nightly builds, run with -Z macro-backtrace for more info)

error[E0107]: missing generics for struct `Comp`
  --> tests/function_component_attr/generic-props-fail.rs:30:14
   |
30 |     html! { <Comp /> };
   |              ^^^^ expected 1 generic argument
   |
note: struct defined here, with 1 generic parameter: `P`
  --> tests/function_component_attr/generic-props-fail.rs:8:22
   |
8  | #[function_component(Comp)]
   |                      ^^^^
9  | fn comp<P>(_props: &P) -> Html
   |         -
help: add missing generic argument
   |
30 |     html! { <Comp<P> /> };
   |                  +++
